<?xml version="1.0" encoding="UTF-8"?>
<testng-results skipped="0" failed="0" ignored="0" total="1" passed="1">
  <reporter-output>
    <line>
      <![CDATA[[[ChromeDriver: chrome on MAC (0973ed4fff685bc27891a5db83a1c2c9)] -> id: customer_register_link] : This element has been clicked<br>]]>
    </line>
    <line>
      <![CDATA[Tenzin : This values has been passed into ---> [[ChromeDriver: chrome on MAC (0973ed4fff685bc27891a5db83a1c2c9)] -> id: first_name]<br>]]>
    </line>
    <line>
      <![CDATA[Nyandak : This values has been passed into ---> [[ChromeDriver: chrome on MAC (0973ed4fff685bc27891a5db83a1c2c9)] -> id: last_name]<br>]]>
    </line>
    <line>
      <![CDATA[tenzinbmx@gmail.com : This values has been passed into ---> [[ChromeDriver: chrome on MAC (0973ed4fff685bc27891a5db83a1c2c9)] -> id: email]<br>]]>
    </line>
    <line>
      <![CDATA[Meseroll : This values has been passed into ---> [[ChromeDriver: chrome on MAC (0973ed4fff685bc27891a5db83a1c2c9)] -> id: create_password]<br>]]>
    </line>
    <line>
      <![CDATA[Proxy element for: DefaultElementLocator 'By.xpath: //input[@value='Create']' : This element has been clicked<br>]]>
    </line>
  </reporter-output>
  <suite name="RegressionSuite" duration-ms="40243" started-at="2022-08-07T20:04:32 EDT" finished-at="2022-08-07T20:05:12 EDT">
    <groups>
    </groups>
    <test name="Test" duration-ms="40243" started-at="2022-08-07T20:04:32 EDT" finished-at="2022-08-07T20:05:12 EDT">
      <class name="test.TestClass">
        <test-method status="PASS" signature="setup()[pri:0, instance:test.TestClass@1b26f7b2]" name="setup" is-config="true" duration-ms="7774" started-at="2022-08-07T20:04:32 EDT" finished-at="2022-08-07T20:04:40 EDT">
          <reporter-output>
          </reporter-output>
        </test-method> <!-- setup -->
        <test-method status="PASS" signature="SignUp()[pri:0, instance:test.TestClass@1b26f7b2]" name="SignUp" duration-ms="32212" started-at="2022-08-07T20:04:40 EDT" finished-at="2022-08-07T20:05:12 EDT">
          <reporter-output>
            <line>
              <![CDATA[[[ChromeDriver: chrome on MAC (0973ed4fff685bc27891a5db83a1c2c9)] -> id: customer_register_link] : This element has been clicked<br>]]>
            </line>
            <line>
              <![CDATA[Tenzin : This values has been passed into ---> [[ChromeDriver: chrome on MAC (0973ed4fff685bc27891a5db83a1c2c9)] -> id: first_name]<br>]]>
            </line>
            <line>
              <![CDATA[Nyandak : This values has been passed into ---> [[ChromeDriver: chrome on MAC (0973ed4fff685bc27891a5db83a1c2c9)] -> id: last_name]<br>]]>
            </line>
            <line>
              <![CDATA[tenzinbmx@gmail.com : This values has been passed into ---> [[ChromeDriver: chrome on MAC (0973ed4fff685bc27891a5db83a1c2c9)] -> id: email]<br>]]>
            </line>
            <line>
              <![CDATA[Meseroll : This values has been passed into ---> [[ChromeDriver: chrome on MAC (0973ed4fff685bc27891a5db83a1c2c9)] -> id: create_password]<br>]]>
            </line>
            <line>
              <![CDATA[Proxy element for: DefaultElementLocator 'By.xpath: //input[@value='Create']' : This element has been clicked<br>]]>
            </line>
          </reporter-output>
        </test-method> <!-- SignUp -->
        <test-method status="PASS" signature="terminate()[pri:0, instance:test.TestClass@1b26f7b2]" name="terminate" is-config="true" duration-ms="217" started-at="2022-08-07T20:05:12 EDT" finished-at="2022-08-07T20:05:12 EDT">
          <reporter-output>
          </reporter-output>
        </test-method> <!-- terminate -->
      </class> <!-- test.TestClass -->
    </test> <!-- Test -->
  </suite> <!-- RegressionSuite -->
</testng-results>
